INFO: [VRFC 10-2263] Analyzing Verilog file "C:/LAB/Graduation_Project/eyeriss_0626/eyeriss_0626.srcs/sources_1/imports/src/GLB.v" into library xil_defaultlib
INFO: [VRFC 10-311] analyzing module GLB
INFO: [VRFC 10-2263] Analyzing Verilog file "C:/LAB/Graduation_Project/eyeriss_0626/eyeriss_0626.srcs/sources_1/imports/src/MC.v" into library xil_defaultlib
INFO: [VRFC 10-311] analyzing module MC
INFO: [VRFC 10-2263] Analyzing Verilog file "C:/LAB/Graduation_Project/eyeriss_0626/eyeriss_0626.srcs/sources_1/imports/src/PE_control.v" into library xil_defaultlib
INFO: [VRFC 10-311] analyzing module PE_control
INFO: [VRFC 10-2263] Analyzing Verilog file "C:/LAB/Graduation_Project/eyeriss_0626/eyeriss_0626.srcs/sources_1/imports/src/PE_datapath.v" into library xil_defaultlib
INFO: [VRFC 10-311] analyzing module PE_datapath
INFO: [VRFC 10-2263] Analyzing Verilog file "C:/LAB/Graduation_Project/eyeriss_0626/eyeriss_0626.srcs/sources_1/imports/src/PE_top.v" into library xil_defaultlib
INFO: [VRFC 10-311] analyzing module PE_top
INFO: [VRFC 10-2263] Analyzing Verilog file "C:/LAB/Graduation_Project/eyeriss_0626/eyeriss_0626.srcs/sources_1/imports/src/RF.v" into library xil_defaultlib
INFO: [VRFC 10-311] analyzing module RF
INFO: [VRFC 10-2263] Analyzing Verilog file "C:/LAB/Graduation_Project/eyeriss_0626/eyeriss_0626.srcs/sources_1/imports/src/fifo.v" into library xil_defaultlib
INFO: [VRFC 10-311] analyzing module fifo
INFO: [VRFC 10-2263] Analyzing Verilog file "C:/LAB/Graduation_Project/eyeriss_0626/eyeriss_0626.srcs/sources_1/imports/src/rams_dist.v" into library xil_defaultlib
INFO: [VRFC 10-311] analyzing module rams_dist
INFO: [VRFC 10-2263] Analyzing Verilog file "C:/LAB/Graduation_Project/eyeriss_0626/eyeriss_0626.srcs/sources_1/imports/src/true_dpbram.v" into library xil_defaultlib
INFO: [VRFC 10-311] analyzing module true_dpbram
INFO: [VRFC 10-2263] Analyzing Verilog file "C:/LAB/Graduation_Project/eyeriss_0626/eyeriss_0626.srcs/sources_1/imports/src/PE_vector.v" into library xil_defaultlib
INFO: [VRFC 10-311] analyzing module PE_vector
INFO: [VRFC 10-2263] Analyzing Verilog file "C:/LAB/Graduation_Project/eyeriss_0626/eyeriss_0626.srcs/sim_1/imports/tb/tb_PE_vector.v" into library xil_defaultlib
INFO: [VRFC 10-311] analyzing module tb_PE_vector
INFO: [VRFC 10-2263] Analyzing Verilog file "C:/LAB/Graduation_Project/eyeriss_0626/eyeriss_0626.srcs/sim_1/imports/tb/tb_PE_top.v" into library xil_defaultlib
INFO: [VRFC 10-311] analyzing module tb_PE_top
INFO: [VRFC 10-2263] Analyzing Verilog file "C:/LAB/Graduation_Project/eyeriss_0626/eyeriss_0626.srcs/sim_1/imports/tb/tb_MC.v" into library xil_defaultlib
INFO: [VRFC 10-311] analyzing module tb_MC
INFO: [VRFC 10-2263] Analyzing Verilog file "C:/LAB/Graduation_Project/eyeriss_0626/eyeriss_0626.srcs/sim_1/imports/tb/tb_PE_control.v" into library xil_defaultlib
INFO: [VRFC 10-311] analyzing module tb_PE_control
INFO: [VRFC 10-2263] Analyzing Verilog file "C:/LAB/Graduation_Project/eyeriss_0626/eyeriss_0626.srcs/sim_1/imports/tb/tb_SPad.v" into library xil_defaultlib
INFO: [VRFC 10-311] analyzing module tb_Spad
INFO: [VRFC 10-2263] Analyzing Verilog file "C:/LAB/Graduation_Project/eyeriss_0626/eyeriss_0626.srcs/sim_1/imports/tb/tb_PE_datapath.v" into library xil_defaultlib
INFO: [VRFC 10-311] analyzing module tb_PE_datapath
