#-----------------------------------------------------------
# Vivado v2023.1 (64-bit)
# SW Build 3865809 on Sun May  7 15:04:56 MDT 2023
# IP Build 3864474 on Sun May  7 20:36:21 MDT 2023
# SharedData Build 3865790 on Sun May 07 13:33:03 MDT 2023
# Start of session at: Sun Sep 28 12:47:33 2025
# Process ID: 237817
# Current directory: /home/esoc/broadwise/vivado/projects/eyeriss/xpr
# Command line: vivado
# Log file: /home/esoc/broadwise/vivado/projects/eyeriss/xpr/vivado.log
# Journal file: /home/esoc/broadwise/vivado/projects/eyeriss/xpr/vivado.jou
# Running On: esoc-desktop, OS: Linux, CPU Frequency: 1200.000 MHz, CPU Physical cores: 10, Host memory: 50201 MB
#-----------------------------------------------------------
start_gui
open_project /home/esoc/broadwise/vivado/projects/eyeriss/xpr/eyeriss_wrapper_ip/eyeriss_wrapper_ip.xpr
WARNING: [Board 49-91] Board repository path '/home/esoc/soomin/mobile/transcoder_quad/_x.hw.xilinx_u200_gen3x16_xdma_2_202110_1/link/vivado/vpl/.local/hw_platform/board' does not exist, it will not be used to search board files.
WARNING: [Board 49-26] cannot add Board Part xilinx.com:vek280_es:part0:1.0 available at /tools/Xilinx/Vivado/2023.1/data/xhub/boards/XilinxBoardStore/boards/Xilinx/vek280/es/rev_a/1.0/board.xml as part xcve2802-vsvh1760-2lp-e-s-es1 specified in board_part file is either invalid or not available
WARNING: [Board 49-26] cannot add Board Part xilinx.com:vek280_es:part0:1.1 available at /tools/Xilinx/Vivado/2023.1/data/xhub/boards/XilinxBoardStore/boards/Xilinx/vek280/es/rev_a/1.1/board.xml as part xcve2802-vsvh1760-2lp-e-s-es1 specified in board_part file is either invalid or not available
WARNING: [Board 49-26] cannot add Board Part xilinx.com:vek280_es_revb:part0:1.0 available at /tools/Xilinx/Vivado/2023.1/data/xhub/boards/XilinxBoardStore/boards/Xilinx/vek280/es/rev_b/1.0/board.xml as part xcve2802-vsvh1760-2mp-e-s-es1 specified in board_part file is either invalid or not available
WARNING: [Board 49-26] cannot add Board Part xilinx.com:vek280_es_revb:part0:1.1 available at /tools/Xilinx/Vivado/2023.1/data/xhub/boards/XilinxBoardStore/boards/Xilinx/vek280/es/rev_b/1.1/board.xml as part xcve2802-vsvh1760-2mp-e-s-es1 specified in board_part file is either invalid or not available
WARNING: [Board 49-26] cannot add Board Part xilinx.com:vhk158:part0:1.0 available at /tools/Xilinx/Vivado/2023.1/data/xhub/boards/XilinxBoardStore/boards/Xilinx/vhk158/production/1.0/board.xml as part xcvh1582-vsva3697-2mp-e-s specified in board_part file is either invalid or not available
WARNING: [Board 49-26] cannot add Board Part xilinx.com:vhk158_es:part0:1.0 available at /tools/Xilinx/Vivado/2023.1/data/xhub/boards/XilinxBoardStore/boards/Xilinx/vhk158/es/1.0/board.xml as part xcvh1582-vsva3697-2mp-e-s-es1 specified in board_part file is either invalid or not available
WARNING: [Board 49-26] cannot add Board Part xilinx.com:vhk158_es:part0:1.1 available at /tools/Xilinx/Vivado/2023.1/data/xhub/boards/XilinxBoardStore/boards/Xilinx/vhk158/es/1.1/board.xml as part xcvh1582-vsva3697-2mp-e-s-es1 specified in board_part file is either invalid or not available
WARNING: [Board 49-26] cannot add Board Part xilinx.com:vpk120_es:part0:1.2 available at /tools/Xilinx/Vivado/2023.1/data/xhub/boards/XilinxBoardStore/boards/Xilinx/vpk120/es/1.2/board.xml as part xcvp1202-vsva2785-2mp-e-s-es1 specified in board_part file is either invalid or not available
WARNING: [Board 49-26] cannot add Board Part xilinx.com:vpk120_es:part0:1.3 available at /tools/Xilinx/Vivado/2023.1/data/xhub/boards/XilinxBoardStore/boards/Xilinx/vpk120/es/1.3/board.xml as part xcvp1202-vsva2785-2mp-e-s-es1 specified in board_part file is either invalid or not available
WARNING: [Board 49-26] cannot add Board Part xilinx.com:vpk120_es_revb:part0:1.0 available at /tools/Xilinx/Vivado/2023.1/data/xhub/boards/XilinxBoardStore/boards/Xilinx/vpk120_revb/es/1.0/board.xml as part xcvp1202-vsva2785-2mp-e-s-es1 specified in board_part file is either invalid or not available
WARNING: [Board 49-26] cannot add Board Part xilinx.com:vpk120_es_revb:part0:1.1 available at /tools/Xilinx/Vivado/2023.1/data/xhub/boards/XilinxBoardStore/boards/Xilinx/vpk120_revb/es/1.1/board.xml as part xcvp1202-vsva2785-2mp-e-s-es1 specified in board_part file is either invalid or not available
WARNING: [Board 49-26] cannot add Board Part xilinx.com:vpk180_es:part0:1.0 available at /tools/Xilinx/Vivado/2023.1/data/xhub/boards/XilinxBoardStore/boards/Xilinx/vpk180/es/1.0/board.xml as part xcvp1802-lsvc4072-2mp-e-s-es1 specified in board_part file is either invalid or not available
WARNING: [Board 49-26] cannot add Board Part xilinx.com:vpk180_es:part0:1.1 available at /tools/Xilinx/Vivado/2023.1/data/xhub/boards/XilinxBoardStore/boards/Xilinx/vpk180/es/1.1/board.xml as part xcvp1802-lsvc4072-2mp-e-s-es1 specified in board_part file is either invalid or not available
WARNING: [Board 49-26] cannot add Board Part xilinx.com:zcu208ld:part0:2.0 available at /tools/Xilinx/Vivado/2023.1/data/xhub/boards/XilinxBoardStore/boards/Xilinx/zcu208ld/production/2.0/board.xml as part xczu58dr-fsvg1517-2-i specified in board_part file is either invalid or not available
WARNING: [Board 49-26] cannot add Board Part xilinx.com:zcu216ld:part0:2.0 available at /tools/Xilinx/Vivado/2023.1/data/xhub/boards/XilinxBoardStore/boards/Xilinx/zcu216ld/production/2.0/board.xml as part xczu59dr-ffvf1760-2-i specified in board_part file is either invalid or not available
WARNING: [Board 49-26] cannot add Board Part xilinx.com:zcu670:part0:2.0 available at /tools/Xilinx/Vivado/2023.1/data/xhub/boards/XilinxBoardStore/boards/Xilinx/zcu670/2.0/board.xml as part xczu67dr-fsve1156-2-i specified in board_part file is either invalid or not available
WARNING: [Board 49-26] cannot add Board Part xilinx.com:zcu670ld:part0:1.0 available at /tools/Xilinx/Vivado/2023.1/data/xhub/boards/XilinxBoardStore/boards/Xilinx/zcu670ld/1.0/board.xml as part xczu57dr-fsve1156-2-i specified in board_part file is either invalid or not available
WARNING: [Board 49-91] Board repository path '/home/esoc/soomin/mobile/transcoder_quad/_x.hw.xilinx_u200_gen3x16_xdma_2_202110_1/link/vivado/vpl/.local/hw_platform/board' does not exist, it will not be used to search board files.
INFO: [filemgmt 56-3] Default IP Output Path : Could not find the directory '/home/esoc/broadwise/vivado/projects/eyeriss/xpr/eyeriss_wrapper_ip/eyeriss_wrapper_ip.gen/sources_1'.
Scanning sources...
Finished scanning sources
INFO: [IP_Flow 19-234] Refreshing IP repositories
INFO: [IP_Flow 19-1700] Loaded user IP repository '/home/esoc/broadwise/vivado/projects/eyeriss/ip_repo'.
INFO: [IP_Flow 19-2313] Loaded Vivado IP repository '/tools/Xilinx/Vivado/2023.1/data/ip'.
open_project: Time (s): cpu = 00:00:18 ; elapsed = 00:00:09 . Memory (MB): peak = 8918.336 ; gain = 360.609 ; free physical = 22806 ; free virtual = 34590
update_compile_order -fileset sources_1
import_files -norecurse {/home/esoc/broadwise/vivado/projects/eyeriss/xpr/data/conv3/ifmap.mem /home/esoc/broadwise/vivado/projects/eyeriss/xpr/data/conv3/psum_out.mem /home/esoc/broadwise/vivado/projects/eyeriss/xpr/data/conv3/psum_init.mem /home/esoc/broadwise/vivado/projects/eyeriss/xpr/data/conv3/weight.mem}
import_files -norecurse /home/esoc/broadwise/vivado/projects/eyeriss/xpr/data/pe_set_config.mem
export_ip_user_files -of_objects  [get_files /home/esoc/broadwise/vivado/projects/eyeriss/xpr/eyeriss_wrapper_ip/eyeriss_wrapper_ip.srcs/sources_1/imports/conv3/psum_out.mem] -no_script -reset -force -quiet
remove_files  /home/esoc/broadwise/vivado/projects/eyeriss/xpr/eyeriss_wrapper_ip/eyeriss_wrapper_ip.srcs/sources_1/imports/conv3/psum_out.mem
launch_runs synth_1 -jobs 20
WARNING: [Vivado 12-7122] Auto Incremental Compile:: No reference checkpoint was found in run synth_1. Auto-incremental flow will not be run, the standard flow will be run instead.
[Sun Sep 28 12:52:48 2025] Launched synth_1...
Run output will be captured here: /home/esoc/broadwise/vivado/projects/eyeriss/xpr/eyeriss_wrapper_ip/eyeriss_wrapper_ip.runs/synth_1/runme.log
reset_run synth_1
INFO: [Project 1-1160] Copying file /home/esoc/broadwise/vivado/projects/eyeriss/xpr/eyeriss_wrapper_ip/eyeriss_wrapper_ip.runs/synth_1/eyeriss_top.dcp to /home/esoc/broadwise/vivado/projects/eyeriss/xpr/eyeriss_wrapper_ip/eyeriss_wrapper_ip.srcs/utils_1/imports/synth_1 and adding it to utils fileset
launch_runs synth_1 -jobs 20
[Sun Sep 28 13:08:10 2025] Launched synth_1...
Run output will be captured here: /home/esoc/broadwise/vivado/projects/eyeriss/xpr/eyeriss_wrapper_ip/eyeriss_wrapper_ip.runs/synth_1/runme.log
reset_run synth_1
INFO: [Project 1-1161] Replacing file /home/esoc/broadwise/vivado/projects/eyeriss/xpr/eyeriss_wrapper_ip/eyeriss_wrapper_ip.srcs/utils_1/imports/synth_1/eyeriss_top.dcp with file /home/esoc/broadwise/vivado/projects/eyeriss/xpr/eyeriss_wrapper_ip/eyeriss_wrapper_ip.runs/synth_1/eyeriss_top.dcp
launch_runs synth_1 -jobs 20
[Sun Sep 28 13:14:22 2025] Launched synth_1...
Run output will be captured here: /home/esoc/broadwise/vivado/projects/eyeriss/xpr/eyeriss_wrapper_ip/eyeriss_wrapper_ip.runs/synth_1/runme.log
reset_run synth_1
launch_runs synth_1 -jobs 20
[Sun Sep 28 13:17:17 2025] Launched synth_1...
Run output will be captured here: /home/esoc/broadwise/vivado/projects/eyeriss/xpr/eyeriss_wrapper_ip/eyeriss_wrapper_ip.runs/synth_1/runme.log
