
*** Running vivado
    with args -log design_1_auto_pc_0.vds -m64 -product Vivado -mode batch -messageDb vivado.pb -notrace -source design_1_auto_pc_0.tcl


****** Vivado v2023.1 (64-bit)
  **** SW Build 3865809 on Sun May  7 15:04:56 MDT 2023
  **** IP Build 3864474 on Sun May  7 20:36:21 MDT 2023
  **** SharedData Build 3865790 on Sun May 07 13:33:03 MDT 2023
    ** Copyright 1986-2022 Xilinx, Inc. All Rights Reserved.
    ** Copyright 2022-2023 Advanced Micro Devices, Inc. All Rights Reserved.

source design_1_auto_pc_0.tcl -notrace
create_project: Time (s): cpu = 00:00:07 ; elapsed = 00:00:07 . Memory (MB): peak = 2363.008 ; gain = 118.992 ; free physical = 17417 ; free virtual = 29113
INFO: [IP_Flow 19-234] Refreshing IP repositories
INFO: [IP_Flow 19-1700] Loaded user IP repository '/home/esoc/broadwise/vivado/projects/eyeriss/ip_repo'.
INFO: [IP_Flow 19-2313] Loaded Vivado IP repository '/tools/Xilinx/Vivado/2023.1/data/ip'.
INFO: [IP_Flow 19-6924] IPCACHE: Running cache check for IP inst: design_1_auto_pc_0
INFO: [IP_Flow 19-6922] IPCACHE: Exporting cached entry 5000dc2d8c517a98 to dir: /home/esoc/broadwise/vivado/projects/eyeriss/xpr/eyeriss_bd/eyeriss_bd.runs/design_1_auto_pc_0_synth_1
INFO: [IP_Flow 19-6928] IPCACHE: copied cached file /home/esoc/broadwise/vivado/projects/eyeriss/xpr/eyeriss_bd/eyeriss_bd.cache/ip/2023.1/5/0/5000dc2d8c517a98/design_1_auto_pc_1.dcp to /home/esoc/broadwise/vivado/projects/eyeriss/xpr/eyeriss_bd/eyeriss_bd.runs/design_1_auto_pc_0_synth_1/design_1_auto_pc_0.dcp.
INFO: [IP_Flow 19-6928] IPCACHE: copied cached file /home/esoc/broadwise/vivado/projects/eyeriss/xpr/eyeriss_bd/eyeriss_bd.cache/ip/2023.1/5/0/5000dc2d8c517a98/design_1_auto_pc_1_sim_netlist.v to /home/esoc/broadwise/vivado/projects/eyeriss/xpr/eyeriss_bd/eyeriss_bd.runs/design_1_auto_pc_0_synth_1/design_1_auto_pc_0_sim_netlist.v.
INFO: [IP_Flow 19-6928] IPCACHE: copied cached file /home/esoc/broadwise/vivado/projects/eyeriss/xpr/eyeriss_bd/eyeriss_bd.cache/ip/2023.1/5/0/5000dc2d8c517a98/design_1_auto_pc_1_stub.vhdl to /home/esoc/broadwise/vivado/projects/eyeriss/xpr/eyeriss_bd/eyeriss_bd.runs/design_1_auto_pc_0_synth_1/design_1_auto_pc_0_stub.vhdl.
INFO: [IP_Flow 19-6928] IPCACHE: copied cached file /home/esoc/broadwise/vivado/projects/eyeriss/xpr/eyeriss_bd/eyeriss_bd.cache/ip/2023.1/5/0/5000dc2d8c517a98/design_1_auto_pc_1_sim_netlist.vhdl to /home/esoc/broadwise/vivado/projects/eyeriss/xpr/eyeriss_bd/eyeriss_bd.runs/design_1_auto_pc_0_synth_1/design_1_auto_pc_0_sim_netlist.vhdl.
INFO: [IP_Flow 19-6928] IPCACHE: copied cached file /home/esoc/broadwise/vivado/projects/eyeriss/xpr/eyeriss_bd/eyeriss_bd.cache/ip/2023.1/5/0/5000dc2d8c517a98/design_1_auto_pc_1_stub.v to /home/esoc/broadwise/vivado/projects/eyeriss/xpr/eyeriss_bd/eyeriss_bd.runs/design_1_auto_pc_0_synth_1/design_1_auto_pc_0_stub.v.
INFO: [IP_Flow 19-4838] Using cached IP synthesis design for IP design_1_auto_pc_0, cache-ID = 5000dc2d8c517a98.
INFO: [Common 17-206] Exiting Vivado at Sun Sep 28 12:40:47 2025...
